\BOOKMARK [1][-]{section.1}{Context}{}% 1
\BOOKMARK [1][-]{section.2}{Problem}{}% 2
\BOOKMARK [1][-]{section.3}{Market Research}{}% 3
\BOOKMARK [2][-]{subsection.3.1}{AcuRite 01166M 3-Sensor Indoor Monitoring}{section.3}% 4
\BOOKMARK [2][-]{subsection.3.2}{Govee Temperature Humidity Monitor}{section.3}% 5
\BOOKMARK [2][-]{subsection.3.3}{Proteus AMBIO}{section.3}% 6
\BOOKMARK [1][-]{section.4}{System Overview}{}% 7
\BOOKMARK [2][-]{subsection.4.1}{System Requirements}{section.4}% 8
\BOOKMARK [2][-]{subsection.4.2}{Event-Driven Serverless Architecture}{section.4}% 9
\BOOKMARK [1][-]{section.5}{Process and Implementation}{}% 10
\BOOKMARK [2][-]{subsection.5.1}{Hardware Components}{section.5}% 11
\BOOKMARK [2][-]{subsection.5.2}{Particle Argon and Particle Cloud}{section.5}% 12
\BOOKMARK [2][-]{subsection.5.3}{Google Cloud Platform Services}{section.5}% 13
\BOOKMARK [3][-]{subsubsection.5.3.1}{Compute Engine}{subsection.5.3}% 14
\BOOKMARK [3][-]{subsubsection.5.3.2}{Firestore}{subsection.5.3}% 15
\BOOKMARK [3][-]{subsubsection.5.3.3}{Functions}{subsection.5.3}% 16
\BOOKMARK [3][-]{subsubsection.5.3.4}{PubSub}{subsection.5.3}% 17
\BOOKMARK [3][-]{subsubsection.5.3.5}{Scheduler}{subsection.5.3}% 18
\BOOKMARK [3][-]{subsubsection.5.3.6}{Identity and Access Management}{subsection.5.3}% 19
\BOOKMARK [3][-]{subsubsection.5.3.7}{Secret Manager}{subsection.5.3}% 20
\BOOKMARK [3][-]{subsubsection.5.3.8}{Storage}{subsection.5.3}% 21
\BOOKMARK [2][-]{subsection.5.4}{GitHub Actions}{section.5}% 22
\BOOKMARK [1][-]{section.6}{Discussion}{}% 23
\BOOKMARK [1][-]{section.7}{Conclusion}{}% 24
