This is pdfTeX, Version 3.14159265-2.6-1.40.20 (TeX Live 2019/Debian) (preloaded format=pdflatex 2020.3.25)  30 APR 2020 15:28
entering extended mode
 restricted \write18 enabled.
 file:line:error style messages enabled.
 %&-line parsing enabled.
**/home/luexiong/projects/cloud-temperature-humidity-notification/latex/cloud-temperature-humidity-notification.tex
(/home/luexiong/projects/cloud-temperature-humidity-notification/latex/cloud-temperature-humidity-notification.tex
LaTeX2e <2020-02-02> patch level 2
L3 programming layer <2020-02-14> (/usr/share/texlive/texmf-dist/tex/latex/base/article.cls
Document Class: article 2019/12/20 v1.4l Standard LaTeX document class
(/usr/share/texlive/texmf-dist/tex/latex/base/size10.clo
File: size10.clo 2019/12/20 v1.4l Standard LaTeX file (size option)
)
\c@part=\count167
\c@section=\count168
\c@subsection=\count169
\c@subsubsection=\count170
\c@paragraph=\count171
\c@subparagraph=\count172
\c@figure=\count173
\c@table=\count174
\abovecaptionskip=\skip47
\belowcaptionskip=\skip48
\bibindent=\dimen134
) (/usr/share/texlive/texmf-dist/tex/latex/base/inputenc.sty
Package: inputenc 2018/08/11 v1.3c Input encoding file
\inpenc@prehook=\toks14
\inpenc@posthook=\toks15
) (/usr/share/texlive/texmf-dist/tex/latex/listings/listings.sty (/usr/share/texlive/texmf-dist/tex/latex/graphics/keyval.sty
Package: keyval 2014/10/28 v1.15 key=value parser (DPC)
\KV@toks@=\toks16
)
\lst@mode=\count175
\lst@gtempboxa=\box45
\lst@token=\toks17
\lst@length=\count176
\lst@currlwidth=\dimen135
\lst@column=\count177
\lst@pos=\count178
\lst@lostspace=\dimen136
\lst@width=\dimen137
\lst@newlines=\count179
\lst@lineno=\count180
\lst@maxwidth=\dimen138
 (/usr/share/texlive/texmf-dist/tex/latex/listings/lstmisc.sty
File: lstmisc.sty 2019/09/10 1.8c (Carsten Heinz)
\c@lstnumber=\count181
\lst@skipnumbers=\count182
\lst@framebox=\box46
) (/usr/share/texlive/texmf-dist/tex/latex/listings/listings.cfg
File: listings.cfg 2019/09/10 1.8c listings configuration
))
Package: listings 2019/09/10 1.8c (Carsten Heinz)
 (/usr/share/texlive/texmf-dist/tex/latex/graphics/graphicx.sty
Package: graphicx 2019/11/30 v1.2a Enhanced LaTeX Graphics (DPC,SPQR)
 (/usr/share/texlive/texmf-dist/tex/latex/graphics/graphics.sty
Package: graphics 2019/11/30 v1.4a Standard LaTeX Graphics (DPC,SPQR)
 (/usr/share/texlive/texmf-dist/tex/latex/graphics/trig.sty
Package: trig 2016/01/03 v1.10 sin cos tan (DPC)
) (/usr/share/texlive/texmf-dist/tex/latex/graphics-cfg/graphics.cfg
File: graphics.cfg 2016/06/04 v1.11 sample graphics configuration
)
Package graphics Info: Driver file: pdftex.def on input line 105.
 (/usr/share/texlive/texmf-dist/tex/latex/graphics-def/pdftex.def
File: pdftex.def 2018/01/08 v1.0l Graphics/color driver for pdftex
))
\Gin@req@height=\dimen139
\Gin@req@width=\dimen140
) (/usr/share/texlive/texmf-dist/tex/latex/float/float.sty
Package: float 2001/11/08 v1.3d Float enhancements (AL)
\c@float@type=\count183
\float@exts=\toks18
\float@box=\box47
\@float@everytoks=\toks19
\@floatcapt=\box48
) (/usr/share/texlive/texmf-dist/tex/latex/enumitem/enumitem.sty
Package: enumitem 2019/06/20 v3.9 Customized lists
\labelindent=\skip49
\enit@outerparindent=\dimen141
\enit@toks=\toks20
\enit@inbox=\box49
\enit@count@id=\count184
\enitdp@description=\count185
) (/usr/share/texlive/texmf-dist/tex/latex/hyperref/hyperref.sty
Package: hyperref 2020/01/14 v7.00d Hypertext links for LaTeX
 (/usr/share/texlive/texmf-dist/tex/generic/ltxcmds/ltxcmds.sty
Package: ltxcmds 2019/12/15 v1.24 LaTeX kernel commands for general use (HO)
) (/usr/share/texlive/texmf-dist/tex/generic/iftex/iftex.sty
Package: iftex 2019/11/07 v1.0c TeX engine tests
) (/usr/share/texlive/texmf-dist/tex/latex/pdftexcmds/pdftexcmds.sty
Package: pdftexcmds 2019/11/24 v0.31 Utility functions of pdfTeX for LuaTeX (HO)
 (/usr/share/texlive/texmf-dist/tex/generic/infwarerr/infwarerr.sty
Package: infwarerr 2019/12/03 v1.5 Providing info/warning/error messages (HO)
)
Package pdftexcmds Info: \pdf@primitive is available.
Package pdftexcmds Info: \pdf@ifprimitive is available.
Package pdftexcmds Info: \pdfdraftmode found.
) (/usr/share/texlive/texmf-dist/tex/generic/kvsetkeys/kvsetkeys.sty
Package: kvsetkeys 2019/12/15 v1.18 Key value parser (HO)
) (/usr/share/texlive/texmf-dist/tex/generic/kvdefinekeys/kvdefinekeys.sty
Package: kvdefinekeys 2019-12-19 v1.6 Define keys (HO)
) (/usr/share/texlive/texmf-dist/tex/generic/pdfescape/pdfescape.sty
Package: pdfescape 2019/12/09 v1.15 Implements pdfTeX's escape features (HO)
) (/usr/share/texlive/texmf-dist/tex/latex/hycolor/hycolor.sty
Package: hycolor 2020-01-27 v1.10 Color options for hyperref/bookmark (HO)
) (/usr/share/texlive/texmf-dist/tex/latex/letltxmacro/letltxmacro.sty
Package: letltxmacro 2019/12/03 v1.6 Let assignment for LaTeX macros (HO)
) (/usr/share/texlive/texmf-dist/tex/latex/auxhook/auxhook.sty
Package: auxhook 2019-12-17 v1.6 Hooks for auxiliary files (HO)
) (/usr/share/texlive/texmf-dist/tex/latex/kvoptions/kvoptions.sty
Package: kvoptions 2019/11/29 v3.13 Key value format for package options (HO)
)
\@linkdim=\dimen142
\Hy@linkcounter=\count186
\Hy@pagecounter=\count187
 (/usr/share/texlive/texmf-dist/tex/latex/hyperref/pd1enc.def
File: pd1enc.def 2020/01/14 v7.00d Hyperref: PDFDocEncoding definition (HO)
Now handling font encoding PD1 ...
... no UTF-8 mapping file for font encoding PD1
) (/usr/share/texlive/texmf-dist/tex/generic/intcalc/intcalc.sty
Package: intcalc 2019/12/15 v1.3 Expandable calculations with integers (HO)
) (/usr/share/texlive/texmf-dist/tex/generic/etexcmds/etexcmds.sty
Package: etexcmds 2019/12/15 v1.7 Avoid name clashes with e-TeX commands (HO)
)
\Hy@SavedSpaceFactor=\count188
\pdfmajorversion=\count189
Package hyperref Info: Hyper figures OFF on input line 4547.
Package hyperref Info: Link nesting OFF on input line 4552.
Package hyperref Info: Hyper index ON on input line 4555.
Package hyperref Info: Plain pages OFF on input line 4562.
Package hyperref Info: Backreferencing OFF on input line 4567.
Package hyperref Info: Implicit mode ON; LaTeX internals redefined.
Package hyperref Info: Bookmarks ON on input line 4800.
\c@Hy@tempcnt=\count190
 (/usr/share/texlive/texmf-dist/tex/latex/url/url.sty
\Urlmuskip=\muskip16
Package: url 2013/09/16  ver 3.4  Verb mode for urls, etc.
)
LaTeX Info: Redefining \url on input line 5159.
\XeTeXLinkMargin=\dimen143
 (/usr/share/texlive/texmf-dist/tex/generic/bitset/bitset.sty
Package: bitset 2019/12/09 v1.3 Handle bit-vector datatype (HO)
 (/usr/share/texlive/texmf-dist/tex/generic/bigintcalc/bigintcalc.sty
Package: bigintcalc 2019/12/15 v1.5 Expandable calculations on big integers (HO)
))
\Fld@menulength=\count191
\Field@Width=\dimen144
\Fld@charsize=\dimen145
Package hyperref Info: Hyper figures OFF on input line 6430.
Package hyperref Info: Link nesting OFF on input line 6435.
Package hyperref Info: Hyper index ON on input line 6438.
Package hyperref Info: backreferencing OFF on input line 6445.
Package hyperref Info: Link coloring OFF on input line 6450.
Package hyperref Info: Link coloring with OCG OFF on input line 6455.
Package hyperref Info: PDF/A mode OFF on input line 6460.
LaTeX Info: Redefining \ref on input line 6500.
LaTeX Info: Redefining \pageref on input line 6504.
 (/usr/share/texlive/texmf-dist/tex/generic/atbegshi/atbegshi.sty
Package: atbegshi 2019/12/05 v1.19 At begin shipout hook (HO)
)
\Hy@abspage=\count192
\c@Item=\count193
\c@Hfootnote=\count194
)
Package hyperref Info: Driver (autodetected): hpdftex.
 (/usr/share/texlive/texmf-dist/tex/latex/hyperref/hpdftex.def
File: hpdftex.def 2020/01/14 v7.00d Hyperref driver for pdfTeX
 (/usr/share/texlive/texmf-dist/tex/latex/atveryend/atveryend.sty
Package: atveryend 2019-12-11 v1.11 Hooks at the very end of document (HO)
Package atveryend Info: \enddocument detected (standard20110627).
)
\Fld@listcount=\count195
\c@bookmark@seq@number=\count196
 (/usr/share/texlive/texmf-dist/tex/latex/rerunfilecheck/rerunfilecheck.sty
Package: rerunfilecheck 2019/12/05 v1.9 Rerun checks for auxiliary files (HO)
 (/usr/share/texlive/texmf-dist/tex/generic/uniquecounter/uniquecounter.sty
Package: uniquecounter 2019/12/15 v1.4 Provide unlimited unique counter (HO)
)
Package uniquecounter Info: New unique counter `rerunfilecheck' on input line 286.
)
\Hy@SectionHShift=\skip50
) (/usr/share/texlive/texmf-dist/tex/latex/l3backend/l3backend-pdfmode.def
File: l3backend-pdfmode.def 2020-02-03 L3 backend support: PDF mode
\l__kernel_color_stack_int=\count197
\l__pdf_internal_box=\box50
) (/home/luexiong/projects/cloud-temperature-humidity-notification/latex/cloud-temperature-humidity-notification.aux)
\openout1 = `cloud-temperature-humidity-notification.aux'.

LaTeX Font Info:    Checking defaults for OML/cmm/m/it on input line 21.
LaTeX Font Info:    ... okay on input line 21.
LaTeX Font Info:    Checking defaults for OMS/cmsy/m/n on input line 21.
LaTeX Font Info:    ... okay on input line 21.
LaTeX Font Info:    Checking defaults for OT1/cmr/m/n on input line 21.
LaTeX Font Info:    ... okay on input line 21.
LaTeX Font Info:    Checking defaults for T1/cmr/m/n on input line 21.
LaTeX Font Info:    ... okay on input line 21.
LaTeX Font Info:    Checking defaults for TS1/cmr/m/n on input line 21.
LaTeX Font Info:    ... okay on input line 21.
LaTeX Font Info:    Checking defaults for OMX/cmex/m/n on input line 21.
LaTeX Font Info:    ... okay on input line 21.
LaTeX Font Info:    Checking defaults for U/cmr/m/n on input line 21.
LaTeX Font Info:    ... okay on input line 21.
LaTeX Font Info:    Checking defaults for PD1/pdf/m/n on input line 21.
LaTeX Font Info:    ... okay on input line 21.
\c@lstlisting=\count198
 (/usr/share/texlive/texmf-dist/tex/context/base/mkii/supp-pdf.mkii
[Loading MPS to PDF converter (version 2006.09.02).]
\scratchcounter=\count199
\scratchdimen=\dimen146
\scratchbox=\box51
\nofMPsegments=\count266
\nofMParguments=\count267
\everyMPshowfont=\toks21
\MPscratchCnt=\count268
\MPscratchDim=\dimen147
\MPnumerator=\count269
\makeMPintoPDFobject=\count270
\everyMPtoPDFconversion=\toks22
) (/usr/share/texlive/texmf-dist/tex/latex/epstopdf-pkg/epstopdf-base.sty
Package: epstopdf-base 2020-01-24 v2.11 Base part for package epstopdf
Package epstopdf-base Info: Redefining graphics rule for `.eps' on input line 485.
 (/usr/share/texlive/texmf-dist/tex/latex/latexconfig/epstopdf-sys.cfg
File: epstopdf-sys.cfg 2010/07/13 v1.3 Configuration of (r)epstopdf for TeX Live
))
\AtBeginShipoutBox=\box52
Package hyperref Info: Link coloring OFF on input line 21.
 (/usr/share/texlive/texmf-dist/tex/latex/hyperref/nameref.sty
Package: nameref 2019/09/16 v2.46 Cross-referencing by name of section
 (/usr/share/texlive/texmf-dist/tex/latex/refcount/refcount.sty
Package: refcount 2019/12/15 v3.6 Data extraction from label references (HO)
) (/usr/share/texlive/texmf-dist/tex/generic/gettitlestring/gettitlestring.sty
Package: gettitlestring 2019/12/15 v1.6 Cleanup title references (HO)
)
\c@section@level=\count271
)
LaTeX Info: Redefining \ref on input line 21.
LaTeX Info: Redefining \pageref on input line 21.
LaTeX Info: Redefining \nameref on input line 21.
 (/home/luexiong/projects/cloud-temperature-humidity-notification/latex/cloud-temperature-humidity-notification.out) (/home/luexiong/projects/cloud-temperature-humidity-notification/latex/cloud-temperature-humidity-notification.out)
\@outlinefile=\write3
\openout3 = `cloud-temperature-humidity-notification.out'.

LaTeX Font Info:    External font `cmex10' loaded for size
(Font)              <12> on input line 24.
LaTeX Font Info:    External font `cmex10' loaded for size
(Font)              <8> on input line 24.
LaTeX Font Info:    External font `cmex10' loaded for size
(Font)              <6> on input line 24.
 [1

{/var/lib/texmf/fonts/map/pdftex/updmap/pdftex.map}] (/home/luexiong/projects/cloud-temperature-humidity-notification/latex/cloud-temperature-humidity-notification.toc
LaTeX Font Info:    External font `cmex10' loaded for size
(Font)              <7> on input line 4.
LaTeX Font Info:    External font `cmex10' loaded for size
(Font)              <5> on input line 4.
)
\tf@toc=\write4
\openout4 = `cloud-temperature-humidity-notification.toc'.

 [2]
Underfull \hbox (badness 10000) in paragraph at lines 32--32

 []


Underfull \hbox (badness 10000) in paragraph at lines 34--34

 []


Underfull \hbox (badness 10000) in paragraph at lines 36--36

 []


Underfull \hbox (badness 10000) in paragraph at lines 38--38

 []


Overfull \hbox (5.77477pt too wide) in paragraph at lines 40--40
[][]$\OT1/cmtt/m/n/10 https : / / github . com / lxiong1 / cloud-[]temperature-[]humidity-[]notification$[]\OT1/cmr/m/n/10 . 
 []

[3]
Underfull \hbox (badness 10000) in paragraph at lines 58--58

 []


Underfull \hbox (badness 10000) in paragraph at lines 60--60

 []

[4]
Underfull \hbox (badness 10000) in paragraph at lines 62--62

 []


Overfull \hbox (34.9967pt too wide) in paragraph at lines 64--64
[][]$\OT1/cmtt/m/n/10 https : / / www . amazon . com / AcuRite-[]01006M-[]Temperature-[]Monitoring-[]Compatible /
 []


Overfull \hbox (48.74657pt too wide) in paragraph at lines 64--64
\OT1/cmtt/m/n/10 dp / B07CBFMJQM / ref = sr _ 1 _ 1 ? dchild = 1 & keywords = AcuRite % 2B01166M & qid = 1588272832 &
 []


Underfull \hbox (badness 10000) in paragraph at lines 64--64

 []


Underfull \hbox (badness 10000) in paragraph at lines 66--66

 []

<images/acurite-fakespot.png, id=155, 2993.1825pt x 1493.58pt>
File: images/acurite-fakespot.png Graphic file (type png)
<use images/acurite-fakespot.png>
Package pdftex.def Info: images/acurite-fakespot.png  used on input line 70.
(pdftex.def)             Requested size: 345.0pt x 172.13412pt.

Overfull \hbox (1.43056pt too wide) in paragraph at lines 77--77
[]\OT1/cmr/bx/n/12 Govee Tem-per-a-ture Hu-mid-ity Mon-i-tor (WiFi Edi-tion) 
 []


Underfull \hbox (badness 10000) in paragraph at lines 78--78

 []

[5 </home/luexiong/projects/cloud-temperature-humidity-notification/latex/images/acurite-fakespot.png>]
Overfull \hbox (45.49661pt too wide) in paragraph at lines 80--80
[][]$\OT1/cmtt/m/n/10 https : / / www . amazon . com / MINGER-[]Temperature-[]Humidity-[]Hygrometer-[]Thermometer /
 []


Overfull \hbox (22.4968pt too wide) in paragraph at lines 80--80
\OT1/cmtt/m/n/10 dp / B07FBCTQ3L / ref = sr _ 1 _ 8 ? dchild = 1 & keywords = Govee + Temperature + Humidity +
 []


Underfull \hbox (badness 10000) in paragraph at lines 80--80

 []

<images/govee-fakespot.png, id=167, 2985.1525pt x 1828.8325pt>
File: images/govee-fakespot.png Graphic file (type png)
<use images/govee-fakespot.png>
Package pdftex.def Info: images/govee-fakespot.png  used on input line 84.
(pdftex.def)             Requested size: 345.0pt x 211.35777pt.

Underfull \hbox (badness 10000) in paragraph at lines 92--92

 []


Overfull \hbox (13.99689pt too wide) in paragraph at lines 94--94
[][]$\OT1/cmtt/m/n/10 https : / / www . amazon . com / Temperature-[]Humidity-[]sensor-[]Buzzer-[]Alerts / dp /
 []


Overfull \hbox (17.24684pt too wide) in paragraph at lines 94--94
\OT1/cmtt/m/n/10 B01AQ0PZFS / ref = sr _ 1 _ 2 ? dchild = 1 & keywords = Proteus + AMBIO & qid = 1588276223 &
 []


Underfull \hbox (badness 10000) in paragraph at lines 94--94

 []

[6 </home/luexiong/projects/cloud-temperature-humidity-notification/latex/images/govee-fakespot.png>]
<images/proteus-fakespot.png, id=178, 3049.3925pt x 1523.6925pt>
File: images/proteus-fakespot.png Graphic file (type png)
<use images/proteus-fakespot.png>
Package pdftex.def Info: images/proteus-fakespot.png  used on input line 98.
(pdftex.def)             Requested size: 345.0pt x 172.37286pt.
 [7 </home/luexiong/projects/cloud-temperature-humidity-notification/latex/images/proteus-fakespot.png>] [8]
<images/breadboard-schematic.png, id=195, 363.759pt x 244.915pt>
File: images/breadboard-schematic.png Graphic file (type png)
<use images/breadboard-schematic.png>
Package pdftex.def Info: images/breadboard-schematic.png  used on input line 173.
(pdftex.def)             Requested size: 345.0pt x 232.28673pt.
 [9]
Underfull \hbox (badness 10000) in paragraph at lines 178--178

 []


Underfull \hbox (badness 10000) in paragraph at lines 180--180

 []


Underfull \hbox (badness 10000) in paragraph at lines 182--182

 []


Underfull \hbox (badness 10000) in paragraph at lines 184--184

 []


Underfull \hbox (badness 10000) in paragraph at lines 186--186

 []

[10 </home/luexiong/projects/cloud-temperature-humidity-notification/latex/images/breadboard-schematic.png>] (/usr/share/texlive/texmf-dist/tex/latex/listings/lstlang1.sty
File: lstlang1.sty 2019/09/10 1.8c listings language file
) (/usr/share/texlive/texmf-dist/tex/latex/listings/lstmisc.sty
File: lstmisc.sty 2019/09/10 1.8c (Carsten Heinz)
) (/home/luexiong/projects/cloud-temperature-humidity-notification/latex/../src/particle-argon-temperature-humidity.ino
LaTeX Font Info:    Font shape `OT1/cmtt/bx/n' in size <8> not available
(Font)              Font shape `OT1/cmtt/m/n' tried instead on input line 9.
)
Underfull \hbox (badness 10000) in paragraph at lines 194--200

 []


Underfull \hbox (badness 10000) in paragraph at lines 194--200

 []

(/home/luexiong/projects/cloud-temperature-humidity-notification/latex/../src/particle-argon-temperature-humidity.ino)
Underfull \hbox (badness 10000) in paragraph at lines 204--210

 []


Underfull \hbox (badness 10000) in paragraph at lines 204--210

 []

[11] (/home/luexiong/projects/cloud-temperature-humidity-notification/latex/../src/particle-argon-temperature-humidity.ino)
Underfull \hbox (badness 10000) in paragraph at lines 214--220

 []


Underfull \hbox (badness 10000) in paragraph at lines 214--220

 []

[12]
Underfull \hbox (badness 10000) in paragraph at lines 222--222

 []


Underfull \hbox (badness 10000) in paragraph at lines 224--224

 []

[13]
<images/interactive-graph.png, id=280, 3850.385pt x 1957.3125pt>
File: images/interactive-graph.png Graphic file (type png)
<use images/interactive-graph.png>
Package pdftex.def Info: images/interactive-graph.png  used on input line 238.
(pdftex.def)             Requested size: 345.0pt x 175.37401pt.

Underfull \hbox (badness 10000) in paragraph at lines 243--243

 []


Underfull \hbox (badness 10000) in paragraph at lines 245--245

 []

[14 </home/luexiong/projects/cloud-temperature-humidity-notification/latex/images/interactive-graph.png>]
Underfull \hbox (badness 10000) in paragraph at lines 247--247

 []


Underfull \hbox (badness 10000) in paragraph at lines 249--249

 []

<images/database-contact-attempt-history.png, id=291, 2661.945pt x 568.1225pt>
File: images/database-contact-attempt-history.png Graphic file (type png)
<use images/database-contact-attempt-history.png>
Package pdftex.def Info: images/database-contact-attempt-history.png  used on input line 258.
(pdftex.def)             Requested size: 345.0pt x 73.62445pt.
<images/database-humidity.png, id=292, 2680.0125pt x 582.175pt>
File: images/database-humidity.png Graphic file (type png)
<use images/database-humidity.png>
Package pdftex.def Info: images/database-humidity.png  used on input line 265.
(pdftex.def)             Requested size: 345.0pt x 74.93921pt.
[15 </home/luexiong/projects/cloud-temperature-humidity-notification/latex/images/database-contact-attempt-history.png>]
<images/database-temperature.png, id=301, 2663.9525pt x 582.175pt>
File: images/database-temperature.png Graphic file (type png)
<use images/database-temperature.png>
Package pdftex.def Info: images/database-temperature.png  used on input line 272.
(pdftex.def)             Requested size: 345.0pt x 75.39226pt.

Underfull \hbox (badness 10000) in paragraph at lines 281--281

 []

<images/serverless-functions.png, id=304, 3121.6625pt x 716.6775pt>
File: images/serverless-functions.png Graphic file (type png)
<use images/serverless-functions.png>
Package pdftex.def Info: images/serverless-functions.png  used on input line 285.
(pdftex.def)             Requested size: 345.0pt x 79.19563pt.

Underfull \hbox (badness 10000) in paragraph at lines 290--290

 []

[16 </home/luexiong/projects/cloud-temperature-humidity-notification/latex/images/database-humidity.png> </home/luexiong/projects/cloud-temperature-humidity-notification/latex/images/database-temperature.png> </home/luexiong/projects/cloud-temperature-humidity-notification/latex/images/serverless-functions.png>]
Underfull \hbox (badness 10000) in paragraph at lines 292--292

 []

<images/generic-temperature-humidity-flow.png, id=315, 964.60374pt x 70.2625pt>
File: images/generic-temperature-humidity-flow.png Graphic file (type png)
<use images/generic-temperature-humidity-flow.png>
Package pdftex.def Info: images/generic-temperature-humidity-flow.png  used on input line 296.
(pdftex.def)             Requested size: 345.0pt x 25.12936pt.
<images/climate-event-flow.png, id=318, 1507.6325pt x 532.99126pt>
File: images/climate-event-flow.png Graphic file (type png)
<use images/climate-event-flow.png>
Package pdftex.def Info: images/climate-event-flow.png  used on input line 305.
(pdftex.def)             Requested size: 345.0pt x 121.96732pt.
<images/graph-event-flow.png, id=320, 1507.6325pt x 864.22874pt>
File: images/graph-event-flow.png Graphic file (type png)
<use images/graph-event-flow.png>
Package pdftex.def Info: images/graph-event-flow.png  used on input line 314.
(pdftex.def)             Requested size: 345.0pt x 197.7662pt.
[17 </home/luexiong/projects/cloud-temperature-humidity-notification/latex/images/generic-temperature-humidity-flow.png> </home/luexiong/projects/cloud-temperature-humidity-notification/latex/images/climate-event-flow.png>]
Overfull \hbox (6.13812pt too wide) in paragraph at lines 319--319
[]\OT1/cmr/m/n/10 To up-date the in-ter-ac-tive graph []$\OT1/cmtt/m/n/10 http : / / 35 . 238 . 110 . 48 : 8080$[]\OT1/cmr/m/n/10 , Fig-ure  []15[] demon-
 []

<images/device-status-event-flow.png, id=333, 1506.62875pt x 372.39125pt>
File: images/device-status-event-flow.png Graphic file (type png)
<use images/device-status-event-flow.png>
Package pdftex.def Info: images/device-status-event-flow.png  used on input line 323.
(pdftex.def)             Requested size: 345.0pt x 85.26747pt.
[18 </home/luexiong/projects/cloud-temperature-humidity-notification/latex/images/graph-event-flow.png> </home/luexiong/projects/cloud-temperature-humidity-notification/latex/images/device-status-event-flow.png>]
<images/pubsub-topics.png, id=344, 2497.33pt x 734.745pt>
File: images/pubsub-topics.png Graphic file (type png)
<use images/pubsub-topics.png>
Package pdftex.def Info: images/pubsub-topics.png  used on input line 336.
(pdftex.def)             Requested size: 345.0pt x 101.49582pt.

Underfull \hbox (badness 10000) in paragraph at lines 341--341

 []


Underfull \hbox (badness 10000) in paragraph at lines 343--343

 []

[19 </home/luexiong/projects/cloud-temperature-humidity-notification/latex/images/pubsub-topics.png>]
<images/scheduler.png, id=355, 2433.09pt x 425.59pt>
File: images/scheduler.png Graphic file (type png)
<use images/scheduler.png>
Package pdftex.def Info: images/scheduler.png  used on input line 375.
(pdftex.def)             Requested size: 345.0pt x 60.34198pt.
 [20 </home/luexiong/projects/cloud-temperature-humidity-notification/latex/images/scheduler.png>]
<images/secret-manager.png, id=382, 3850.385pt x 1031.855pt>
File: images/secret-manager.png Graphic file (type png)
<use images/secret-manager.png>
Package pdftex.def Info: images/secret-manager.png  used on input line 390.
(pdftex.def)             Requested size: 345.0pt x 92.45357pt.
<images/storage.png, id=387, 3830.31pt x 889.3225pt>
File: images/storage.png Graphic file (type png)
<use images/storage.png>
Package pdftex.def Info: images/storage.png  used on input line 402.
(pdftex.def)             Requested size: 345.0pt x 80.08984pt.
 [21 </home/luexiong/projects/cloud-temperature-humidity-notification/latex/images/secret-manager.png>]
Overfull \hbox (0.93361pt too wide) in paragraph at lines 407--407
[]\OT1/cmr/m/n/10 The first file is called \OT1/cmr/bx/n/10 cli-mate[]data[]aggregate.csv \OT1/cmr/m/n/10 and its con-tents are comma-
 []

<images/climate-data-csv.png, id=395, 650.43pt x 626.34pt>
File: images/climate-data-csv.png Graphic file (type png)
<use images/climate-data-csv.png>
Package pdftex.def Info: images/climate-data-csv.png  used on input line 411.
(pdftex.def)             Requested size: 207.0021pt x 199.33382pt.

Underfull \hbox (badness 10000) in paragraph at lines 417--417

 []

[22 </home/luexiong/projects/cloud-temperature-humidity-notification/latex/images/storage.png> </home/luexiong/projects/cloud-temperature-humidity-notification/latex/images/climate-data-csv.png>] (/home/luexiong/projects/cloud-temperature-humidity-notification/latex/../.github/workflows/master-workflow.yml) (/home/luexiong/projects/cloud-temperature-humidity-notification/latex/../.github/workflows/master-workflow.yml
LaTeX Font Info:    Trying to load font information for TS1+cmtt on input line 33.
 (/usr/share/texlive/texmf-dist/tex/latex/base/ts1cmtt.fd
File: ts1cmtt.fd 2019/12/16 v2.5j Standard LaTeX font definitions
)) [23]
Underfull \hbox (badness 10000) in paragraph at lines 439--439

 []

(/home/luexiong/projects/cloud-temperature-humidity-notification/latex/../.github/workflows/master-workflow.yml) [24]
Underfull \hbox (badness 10000) in paragraph at lines 451--451

 []

[25]
<images/github-actions.png, id=495, 3810.235pt x 1933.2225pt>
File: images/github-actions.png Graphic file (type png)
<use images/github-actions.png>
Package pdftex.def Info: images/github-actions.png  used on input line 455.
(pdftex.def)             Requested size: 345.0pt x 175.04446pt.

Underfull \hbox (badness 10000) in paragraph at lines 461--461

 []


Underfull \hbox (badness 10000) in paragraph at lines 463--463

 []

[26 </home/luexiong/projects/cloud-temperature-humidity-notification/latex/images/github-actions.png>]
Underfull \hbox (badness 10000) in paragraph at lines 465--465

 []

Package atveryend Info: Empty hook `BeforeClearDocument' on input line 472.
[27]
Package atveryend Info: Empty hook `AfterLastShipout' on input line 472.
 (/home/luexiong/projects/cloud-temperature-humidity-notification/latex/cloud-temperature-humidity-notification.aux)
Package atveryend Info: Executing hook `AtVeryEndDocument' on input line 472.
Package atveryend Info: Executing hook `AtEndAfterFileList' on input line 472.
Package rerunfilecheck Info: File `cloud-temperature-humidity-notification.out' has not changed.
(rerunfilecheck)             Checksum: C2A6852FBAEC4CE0039EFAC1AC1FD01D;1617.
Package atveryend Info: Empty hook `AtVeryVeryEnd' on input line 472.
 ) 
Here is how much of TeX's memory you used:
 7956 strings out of 481239
 123513 string characters out of 5920377
 752842 words of memory out of 5000000
 22861 multiletter control sequences out of 15000+600000
 537907 words of font info for 43 fonts, out of 8000000 for 9000
 1141 hyphenation exceptions out of 8191
 34i,6n,53p,1149b,1444s stack positions out of 5000i,500n,10000p,200000b,80000s
{/usr/share/texmf/fonts/enc/dvips/cm-super/cm-super-ts1.enc}</usr/share/texlive/texmf-dist/fonts/type1/public/amsfonts/cm/cmbx10.pfb></usr/share/texlive/texmf-dist/fonts/type1/public/amsfonts/cm/cmbx12.pfb></usr/share/texlive/texmf-dist/fonts/type1/public/amsfonts/cm/cmr10.pfb></usr/share/texlive/texmf-dist/fonts/type1/public/amsfonts/cm/cmr12.pfb></usr/share/texlive/texmf-dist/fonts/type1/public/amsfonts/cm/cmr17.pfb></usr/share/texlive/texmf-dist/fonts/type1/public/amsfonts/cm/cmti10.pfb></usr/share/texlive/texmf-dist/fonts/type1/public/amsfonts/cm/cmtt10.pfb></usr/share/texlive/texmf-dist/fonts/type1/public/amsfonts/cm/cmtt8.pfb></usr/share/texmf/fonts/type1/public/cm-super/sfrm1000.pfb></usr/share/texmf/fonts/type1/public/cm-super/sftt0800.pfb>
Output written on /home/luexiong/projects/cloud-temperature-humidity-notification/latex/cloud-temperature-humidity-notification.pdf (27 pages, 2856818 bytes).
PDF statistics:
 587 PDF objects out of 1000 (max. 8388607)
 505 compressed objects within 6 object streams
 213 named destinations out of 1000 (max. 500000)
 288 words of extra memory for PDF output out of 10000 (max. 10000000)

